
*******************************************************************************
Mon Jan 15 07:04:45 2024


FIT:    data read from "cfenergy" u 1:2
        format = x:z
        x range restricted to [0.00000 : 0.0300000]
        #datapoints = 9
        residuals are weighted equally (unit weight)

function used for fitting: f(x)
	f(x) = a + b * x**2
fitted parameters initialized with current variable values

iter      chisq       delta/lim  lambda   a             b            
   0 2.3661280405e-06   0.00e+00  2.99e-04   -4.215667e-04   6.833269e-02
   5 3.4956584980e-15  -2.40e-02  2.99e-09   -1.166982e-03   1.559940e+00

After 5 iterations the fit converged.
final sum of squares of residuals : 3.49566e-15
rel. change during last iteration : -2.40256e-07

degrees of freedom    (FIT_NDF)                        : 7
rms of residuals      (FIT_STDFIT) = sqrt(WSSR/ndf)    : 2.23468e-08
variance of residuals (reduced chisquare) = WSSR/ndf   : 4.9938e-16

Final set of parameters            Asymptotic Standard Error
=======================            ==========================
a               = -0.00116698      +/- 1.083e-08    (0.0009282%)
b               = 1.55994          +/- 2.918e-05    (0.001871%)

correlation matrix of the fit parameters:
                a      b      
a               1.000 
b              -0.726  1.000 
