

*******************************************************************************
Mon Jan 15 07:38:38 2024


FIT:    data read from "cfenergy" u 1:2
        format = x:z
        x range restricted to [0.00000 : 0.0450000]
        #datapoints = 14
        residuals are weighted equally (unit weight)

function used for fitting: f(x)
	f(x) = a + b * x**2
fitted parameters initialized with current variable values

iter      chisq       delta/lim  lambda   a             b            
   0 1.4001949478e+01   0.00e+00  7.07e-01    1.000000e+00   1.000000e+00
   7 2.5016549598e-13  -2.29e-07  7.07e-08   -4.601866e-04   1.561573e+00

After 7 iterations the fit converged.
final sum of squares of residuals : 2.50165e-13
rel. change during last iteration : -2.28535e-12

degrees of freedom    (FIT_NDF)                        : 12
rms of residuals      (FIT_STDFIT) = sqrt(WSSR/ndf)    : 1.44385e-07
variance of residuals (reduced chisquare) = WSSR/ndf   : 2.08471e-14

Final set of parameters            Asymptotic Standard Error
=======================            ==========================
a               = -0.000460187     +/- 5.669e-08    (0.01232%)
b               = 1.56157          +/- 5.971e-05    (0.003824%)

correlation matrix of the fit parameters:
                a      b      
a               1.000 
b              -0.733  1.000 
