

*******************************************************************************
Tue Jan 30 21:41:44 2024


FIT:    data read from "0.0700000000" u 1:4
        format = x:z
        x range restricted to [7.00000 : 30.0000]
        #datapoints = 24
        residuals are weighted equally (unit weight)

function used for fitting: f(x)
	f(x) = a*exp(-1*sqrt(2)*x/b)
fitted parameters initialized with current variable values

iter      chisq       delta/lim  lambda   a             b            
   0 3.8587361065e-04   0.00e+00  7.53e-05    1.000000e+00   1.000000e+00
   8 5.2187625714e-09  -3.61e-01  7.53e-09    8.839938e-02   5.126509e+00

After 8 iterations the fit converged.
final sum of squares of residuals : 5.21876e-09
rel. change during last iteration : -3.608e-06

degrees of freedom    (FIT_NDF)                        : 22
rms of residuals      (FIT_STDFIT) = sqrt(WSSR/ndf)    : 1.54018e-05
variance of residuals (reduced chisquare) = WSSR/ndf   : 2.37216e-10

Final set of parameters            Asymptotic Standard Error
=======================            ==========================
a               = 0.0883994        +/- 0.0003299    (0.3732%)
b               = 5.12651          +/- 0.008111     (0.1582%)

correlation matrix of the fit parameters:
                a      b      
a               1.000 
b              -0.978  1.000 


*******************************************************************************
Tue Jan 30 21:41:44 2024


FIT:    data read from "0.0400000000" u 1:4
        format = x:z
        x range restricted to [7.00000 : 30.0000]
        #datapoints = 24
        residuals are weighted equally (unit weight)

function used for fitting: f(x)
	f(x) = a*exp(-1*sqrt(2)*x/b)
fitted parameters initialized with current variable values

iter      chisq       delta/lim  lambda   a             b            
   0 8.3536238527e-05   0.00e+00  7.53e-05    1.000000e+00   1.000000e+00
  81 9.1878696849e-11  -4.87e-05  7.53e-09    6.697752e-02   4.220734e+00

After 81 iterations the fit converged.
final sum of squares of residuals : 9.18787e-11
rel. change during last iteration : -4.87331e-10

degrees of freedom    (FIT_NDF)                        : 22
rms of residuals      (FIT_STDFIT) = sqrt(WSSR/ndf)    : 2.0436e-06
variance of residuals (reduced chisquare) = WSSR/ndf   : 4.1763e-12

Final set of parameters            Asymptotic Standard Error
=======================            ==========================
a               = 0.0669775        +/- 8.31e-05     (0.1241%)
b               = 4.22073          +/- 0.00191      (0.04525%)

correlation matrix of the fit parameters:
                a      b      
a               1.000 
b              -0.984  1.000 


*******************************************************************************
Tue Jan 30 21:41:44 2024


FIT:    data read from "0.0300000000" u 1:4
        format = x:z
        x range restricted to [7.00000 : 30.0000]
        #datapoints = 24
        residuals are weighted equally (unit weight)

function used for fitting: f(x)
	f(x) = a*exp(-1*sqrt(2)*x/b)
fitted parameters initialized with current variable values

iter      chisq       delta/lim  lambda   a             b            
   0 5.6321861561e-05   0.00e+00  7.53e-05    1.000000e+00   1.000000e+00
  81 7.2849045372e-12  -8.42e-05  7.53e-04    5.810261e-02   4.137854e+00

After 81 iterations the fit converged.
final sum of squares of residuals : 7.2849e-12
rel. change during last iteration : -8.423e-10

degrees of freedom    (FIT_NDF)                        : 22
rms of residuals      (FIT_STDFIT) = sqrt(WSSR/ndf)    : 5.75441e-07
variance of residuals (reduced chisquare) = WSSR/ndf   : 3.31132e-13

Final set of parameters            Asymptotic Standard Error
=======================            ==========================
a               = 0.0581026        +/- 2.511e-05    (0.04321%)
b               = 4.13785          +/- 0.0006419    (0.01551%)

correlation matrix of the fit parameters:
                a      b      
a               1.000 
b              -0.984  1.000 


*******************************************************************************
Tue Jan 30 21:41:44 2024


FIT:    data read from "0.0100000000" u 1:4
        format = x:z
        x range restricted to [7.00000 : 30.0000]
        #datapoints = 24
        residuals are weighted equally (unit weight)

function used for fitting: f(x)
	f(x) = a*exp(-1*sqrt(2)*x/b)
fitted parameters initialized with current variable values

iter      chisq       delta/lim  lambda   a             b            
   0 3.1048245912e-05   0.00e+00  7.53e-05    1.000000e+00   1.000000e+00
 124 5.5256002641e-11  -5.00e-05  7.53e-04    4.824668e-02   3.977880e+00

After 124 iterations the fit converged.
final sum of squares of residuals : 5.5256e-11
rel. change during last iteration : -5.00144e-10

degrees of freedom    (FIT_NDF)                        : 22
rms of residuals      (FIT_STDFIT) = sqrt(WSSR/ndf)    : 1.58481e-06
variance of residuals (reduced chisquare) = WSSR/ndf   : 2.51164e-12

Final set of parameters            Asymptotic Standard Error
=======================            ==========================
a               = 0.0482467        +/- 7.978e-05    (0.1654%)
b               = 3.97788          +/- 0.002288     (0.05751%)

correlation matrix of the fit parameters:
                a      b      
a               1.000 
b              -0.985  1.000 


*******************************************************************************
Tue Jan 30 21:41:44 2024


FIT:    data read from "0.0200000000" u 1:4
        format = x:z
        x range restricted to [7.00000 : 30.0000]
        #datapoints = 24
        residuals are weighted equally (unit weight)

function used for fitting: f(x)
	f(x) = a*exp(-1*sqrt(2)*x/b)
fitted parameters initialized with current variable values

iter      chisq       delta/lim  lambda   a             b            
   0 3.9299783706e-05   0.00e+00  7.53e-05    1.000000e+00   1.000000e+00
 133 5.6915172724e-11  -9.59e-06  7.53e-04    5.157490e-02   4.049625e+00

After 133 iterations the fit converged.
final sum of squares of residuals : 5.69152e-11
rel. change during last iteration : -9.59288e-11

degrees of freedom    (FIT_NDF)                        : 22
rms of residuals      (FIT_STDFIT) = sqrt(WSSR/ndf)    : 1.60843e-06
variance of residuals (reduced chisquare) = WSSR/ndf   : 2.58705e-12

Final set of parameters            Asymptotic Standard Error
=======================            ==========================
a               = 0.0515749        +/- 7.585e-05    (0.1471%)
b               = 4.04962          +/- 0.002101     (0.05189%)

correlation matrix of the fit parameters:
                a      b      
a               1.000 
b              -0.985  1.000 


*******************************************************************************
Tue Jan 30 21:41:44 2024


FIT:    data read from "0.0600000000" u 1:4
        format = x:z
        x range restricted to [7.00000 : 30.0000]
        #datapoints = 24
        residuals are weighted equally (unit weight)

function used for fitting: f(x)
	f(x) = a*exp(-1*sqrt(2)*x/b)
fitted parameters initialized with current variable values

iter      chisq       delta/lim  lambda   a             b            
   0 2.0965260702e-04   0.00e+00  7.53e-05    1.000000e+00   1.000000e+00
  43 1.2646187110e-09  -1.54e-01  7.53e-08    8.351264e-02   4.625010e+00

After 43 iterations the fit converged.
final sum of squares of residuals : 1.26462e-09
rel. change during last iteration : -1.54139e-06

degrees of freedom    (FIT_NDF)                        : 22
rms of residuals      (FIT_STDFIT) = sqrt(WSSR/ndf)    : 7.58173e-06
variance of residuals (reduced chisquare) = WSSR/ndf   : 5.74827e-11

Final set of parameters            Asymptotic Standard Error
=======================            ==========================
a               = 0.0835126        +/- 0.0002256    (0.2701%)
b               = 4.62501          +/- 0.004896     (0.1059%)

correlation matrix of the fit parameters:
                a      b      
a               1.000 
b              -0.981  1.000 


*******************************************************************************
Tue Jan 30 21:41:44 2024


FIT:    data read from "0.0010000000" u 1:4
        format = x:z
        x range restricted to [7.00000 : 30.0000]
        #datapoints = 24
        residuals are weighted equally (unit weight)

function used for fitting: f(x)
	f(x) = a*exp(-1*sqrt(2)*x/b)
fitted parameters initialized with current variable values

iter      chisq       delta/lim  lambda   a             b            
   0 2.8563921014e-05   0.00e+00  7.53e-05    1.000000e+00   1.000000e+00
 134 5.6382542733e-11  -8.64e-05  7.53e-04    4.700660e-02   3.956463e+00

After 134 iterations the fit converged.
final sum of squares of residuals : 5.63825e-11
rel. change during last iteration : -8.64422e-10

degrees of freedom    (FIT_NDF)                        : 22
rms of residuals      (FIT_STDFIT) = sqrt(WSSR/ndf)    : 1.60089e-06
variance of residuals (reduced chisquare) = WSSR/ndf   : 2.56284e-12

Final set of parameters            Asymptotic Standard Error
=======================            ==========================
a               = 0.0470066        +/- 8.221e-05    (0.1749%)
b               = 3.95646          +/- 0.002396     (0.06056%)

correlation matrix of the fit parameters:
                a      b      
a               1.000 
b              -0.985  1.000 


*******************************************************************************
Tue Jan 30 21:41:44 2024


FIT:    data read from "0.0900000000" u 1:4
        format = x:z
        x range restricted to [7.00000 : 30.0000]
        #datapoints = 24
        residuals are weighted equally (unit weight)

function used for fitting: f(x)
	f(x) = a*exp(-1*sqrt(2)*x/b)
fitted parameters initialized with current variable values

iter      chisq       delta/lim  lambda   a             b            
   0 2.4025854280e-03   0.00e+00  7.53e-05    1.000000e+00   1.000000e+00
 152 4.2926347241e-07  -2.55e-01  7.53e-08    7.123720e-02   9.440614e+00

After 152 iterations the fit converged.
final sum of squares of residuals : 4.29263e-07
rel. change during last iteration : -2.55431e-06

degrees of freedom    (FIT_NDF)                        : 22
rms of residuals      (FIT_STDFIT) = sqrt(WSSR/ndf)    : 0.000139685
variance of residuals (reduced chisquare) = WSSR/ndf   : 1.9512e-08

Final set of parameters            Asymptotic Standard Error
=======================            ==========================
a               = 0.0712372        +/- 0.0006449    (0.9053%)
b               = 9.44061          +/- 0.05502      (0.5828%)

correlation matrix of the fit parameters:
                a      b      
a               1.000 
b              -0.949  1.000 


*******************************************************************************
Tue Jan 30 21:41:44 2024


FIT:    data read from "0.0800000000" u 1:4
        format = x:z
        x range restricted to [7.00000 : 30.0000]
        #datapoints = 24
        residuals are weighted equally (unit weight)

function used for fitting: f(x)
	f(x) = a*exp(-1*sqrt(2)*x/b)
fitted parameters initialized with current variable values

iter      chisq       delta/lim  lambda   a             b            
   0 8.4507197849e-04   0.00e+00  7.53e-05    1.000000e+00   1.000000e+00
  21 3.3337805354e-08  -7.47e-02  7.53e-08    8.756830e-02   6.178672e+00

After 21 iterations the fit converged.
final sum of squares of residuals : 3.33378e-08
rel. change during last iteration : -7.47099e-07

degrees of freedom    (FIT_NDF)                        : 22
rms of residuals      (FIT_STDFIT) = sqrt(WSSR/ndf)    : 3.89276e-05
variance of residuals (reduced chisquare) = WSSR/ndf   : 1.51535e-09

Final set of parameters            Asymptotic Standard Error
=======================            ==========================
a               = 0.0875683        +/- 0.0004858    (0.5548%)
b               = 6.17867          +/- 0.01666      (0.2697%)

correlation matrix of the fit parameters:
                a      b      
a               1.000 
b              -0.971  1.000 


*******************************************************************************
Tue Jan 30 21:41:44 2024


FIT:    data read from "0.0500000000" u 1:4
        format = x:z
        x range restricted to [7.00000 : 30.0000]
        #datapoints = 24
        residuals are weighted equally (unit weight)

function used for fitting: f(x)
	f(x) = a*exp(-1*sqrt(2)*x/b)
fitted parameters initialized with current variable values

iter      chisq       delta/lim  lambda   a             b            
   0 1.2782995506e-04   0.00e+00  7.53e-05    1.000000e+00   1.000000e+00
  46 3.8322393334e-10  -1.58e-07  7.53e-03    7.591762e-02   4.360193e+00

After 46 iterations the fit converged.
final sum of squares of residuals : 3.83224e-10
rel. change during last iteration : -1.58284e-12

degrees of freedom    (FIT_NDF)                        : 22
rms of residuals      (FIT_STDFIT) = sqrt(WSSR/ndf)    : 4.17364e-06
variance of residuals (reduced chisquare) = WSSR/ndf   : 1.74193e-11

Final set of parameters            Asymptotic Standard Error
=======================            ==========================
a               = 0.0759176        +/- 0.0001515    (0.1996%)
b               = 4.36019          +/- 0.003257     (0.07469%)

correlation matrix of the fit parameters:
                a      b      
a               1.000 
b              -0.983  1.000 
