

*******************************************************************************
Mon Jan 29 01:47:18 2024


FIT:    data read from "delta.dat" u 1:4
        format = x:z
        x range restricted to [0.00000 : 20.0000]
        #datapoints = 21
        residuals are weighted equally (unit weight)

function used for fitting: f(x)
	f(x) = a*exp(-1*sqrt(2)*x/b)
fitted parameters initialized with current variable values

iter      chisq       delta/lim  lambda   a             b            
   0 9.4893338070e-01   0.00e+00  1.70e-01    1.000000e+00   1.000000e+00
   6 4.7045796130e-08  -8.35e-04  1.70e-07    4.922720e-02   3.870693e+00

After 6 iterations the fit converged.
final sum of squares of residuals : 4.70458e-08
rel. change during last iteration : -8.34889e-09

degrees of freedom    (FIT_NDF)                        : 19
rms of residuals      (FIT_STDFIT) = sqrt(WSSR/ndf)    : 4.97604e-05
variance of residuals (reduced chisquare) = WSSR/ndf   : 2.47609e-09

Final set of parameters            Asymptotic Standard Error
=======================            ==========================
a               = 0.0492272        +/- 4.361e-05    (0.08858%)
b               = 3.87069          +/- 0.005762     (0.1489%)

correlation matrix of the fit parameters:
                a      b      
a               1.000 
b              -0.570  1.000 


*******************************************************************************
Mon Jan 29 02:36:32 2024


FIT:    data read from "delta.dat" u 1:4
        format = x:z
        x range restricted to [5.00000 : 20.0000]
        #datapoints = 16
        residuals are weighted equally (unit weight)

function used for fitting: f(x)
	f(x) = a*exp(-1*sqrt(2)*x/b)
fitted parameters initialized with current variable values

iter      chisq       delta/lim  lambda   a             b            
   0 2.0659421803e-08   0.00e+00  4.74e-03    4.922720e-02   3.870693e+00
   4 5.8777511358e-10  -1.81e-03  4.74e-07    4.801971e-02   3.933983e+00

After 4 iterations the fit converged.
final sum of squares of residuals : 5.87775e-10
rel. change during last iteration : -1.80579e-08

degrees of freedom    (FIT_NDF)                        : 14
rms of residuals      (FIT_STDFIT) = sqrt(WSSR/ndf)    : 6.4795e-06
variance of residuals (reduced chisquare) = WSSR/ndf   : 4.19839e-11

Final set of parameters            Asymptotic Standard Error
=======================            ==========================
a               = 0.0480197        +/- 0.0001254    (0.2612%)
b               = 3.93398          +/- 0.004682     (0.119%)

correlation matrix of the fit parameters:
                a      b      
a               1.000 
b              -0.975  1.000 
