

*******************************************************************************
Fri Mar 15 17:00:42 2024


FIT:    data read from "1.5000000000" u 1:4
        format = x:z
        x range restricted to [17.0000 : 35.0000]
        #datapoints = 19
        residuals are weighted equally (unit weight)

function used for fitting: f(x)
	f(x) = a*exp(-1*sqrt(2)*x/b)
fitted parameters initialized with current variable values

iter      chisq       delta/lim  lambda   a             b            
   0 1.1812592526e-03   0.00e+00  1.48e-10    1.000000e+00   1.000000e+00
   1 1.1812592438e-03  -7.51e-04  1.48e-06    1.003456e+00   1.085366e+00

After 1 iterations the fit converged.
final sum of squares of residuals : 0.00118126
rel. change during last iteration : -7.51099e-09

degrees of freedom    (FIT_NDF)                        : 17
rms of residuals      (FIT_STDFIT) = sqrt(WSSR/ndf)    : 0.00833582
variance of residuals (reduced chisquare) = WSSR/ndf   : 6.94858e-05

Final set of parameters            Asymptotic Standard Error
=======================            ==========================
a               = 1.00346          +/- 1.924e+09    (1.917e+11%)
b               = 1.08537          +/- 9.255e+07    (8.527e+09%)

correlation matrix of the fit parameters:
                a      b      
a               1.000 
b              -1.000  1.000 


*******************************************************************************
Fri Mar 15 17:00:42 2024


FIT:    data read from "2.0000000000" u 1:4
        format = x:z
        x range restricted to [17.0000 : 35.0000]
        #datapoints = 19
        residuals are weighted equally (unit weight)

function used for fitting: f(x)
	f(x) = a*exp(-1*sqrt(2)*x/b)
fitted parameters initialized with current variable values

iter      chisq       delta/lim  lambda   a             b            
   0 5.8937255016e-05   0.00e+00  1.48e-10    1.000000e+00   1.000000e+00
   7 2.1923783034e-10  -4.24e-02  1.48e-09    2.448868e+00   3.941396e+00

After 7 iterations the fit converged.
final sum of squares of residuals : 2.19238e-10
rel. change during last iteration : -4.24371e-07

degrees of freedom    (FIT_NDF)                        : 17
rms of residuals      (FIT_STDFIT) = sqrt(WSSR/ndf)    : 3.59115e-06
variance of residuals (reduced chisquare) = WSSR/ndf   : 1.28963e-11

Final set of parameters            Asymptotic Standard Error
=======================            ==========================
a               = 2.44887          +/- 0.01507      (0.6152%)
b               = 3.9414           +/- 0.003745     (0.09502%)

correlation matrix of the fit parameters:
                a      b      
a               1.000 
b              -0.997  1.000 


*******************************************************************************
Fri Mar 15 17:00:42 2024


FIT:    data read from "1.0000000000" u 1:4
        format = x:z
        x range restricted to [17.0000 : 35.0000]
        #datapoints = 19
        residuals are weighted equally (unit weight)

function used for fitting: f(x)
	f(x) = a*exp(-1*sqrt(2)*x/b)
fitted parameters initialized with current variable values

iter      chisq       delta/lim  lambda   a             b            
   0 4.6121410370e-04   0.00e+00  1.48e-10    1.000000e+00   1.000000e+00
 203 7.1540940805e-09  -1.91e-03  1.48e-09    1.039100e-02   4.760191e+01

After 203 iterations the fit converged.
final sum of squares of residuals : 7.15409e-09
rel. change during last iteration : -1.91172e-08

degrees of freedom    (FIT_NDF)                        : 17
rms of residuals      (FIT_STDFIT) = sqrt(WSSR/ndf)    : 2.05141e-05
variance of residuals (reduced chisquare) = WSSR/ndf   : 4.20829e-10

Final set of parameters            Asymptotic Standard Error
=======================            ==========================
a               = 0.010391         +/- 4.641e-05    (0.4466%)
b               = 47.6019          +/- 0.2884       (0.6059%)

correlation matrix of the fit parameters:
                a      b      
a               1.000 
b              -0.977  1.000 


*******************************************************************************
Fri Mar 15 17:00:42 2024


FIT:    data read from "2.5000000000" u 1:4
        format = x:z
        x range restricted to [17.0000 : 35.0000]
        #datapoints = 19
        residuals are weighted equally (unit weight)

function used for fitting: f(x)
	f(x) = a*exp(-1*sqrt(2)*x/b)
fitted parameters initialized with current variable values

iter      chisq       delta/lim  lambda   a             b            
   0 7.4117511205e-07   0.00e+00  1.48e-10    1.000000e+00   1.000000e+00
 218 4.3752923264e-12  -1.75e-01  1.48e-10    4.533309e+01   2.179448e+00

After 218 iterations the fit converged.
final sum of squares of residuals : 4.37529e-12
rel. change during last iteration : -1.74596e-06

degrees of freedom    (FIT_NDF)                        : 17
rms of residuals      (FIT_STDFIT) = sqrt(WSSR/ndf)    : 5.07317e-07
variance of residuals (reduced chisquare) = WSSR/ndf   : 2.5737e-13

Final set of parameters            Asymptotic Standard Error
=======================            ==========================
a               = 45.3331          +/- 0.6421       (1.416%)
b               = 2.17945          +/- 0.002723     (0.1249%)

correlation matrix of the fit parameters:
                a      b      
a               1.000 
b              -0.999  1.000 


*******************************************************************************
Fri Mar 15 17:00:42 2024


FIT:    data read from "3.0000000000" u 1:4
        format = x:z
        x range restricted to [17.0000 : 35.0000]
        #datapoints = 19
        residuals are weighted equally (unit weight)

function used for fitting: f(x)
	f(x) = a*exp(-1*sqrt(2)*x/b)
fitted parameters initialized with current variable values

iter      chisq       delta/lim  lambda   a             b            
   0 7.1068932407e-09   0.00e+00  1.48e-10    1.000000e+00   1.000000e+00
   1 7.1068854374e-09  -1.10e-01  1.48e-07    1.001420e+00   1.034735e+00

After 1 iterations the fit converged.
final sum of squares of residuals : 7.10689e-09
rel. change during last iteration : -1.098e-06

degrees of freedom    (FIT_NDF)                        : 17
rms of residuals      (FIT_STDFIT) = sqrt(WSSR/ndf)    : 2.04463e-05
variance of residuals (reduced chisquare) = WSSR/ndf   : 4.18052e-10

Final set of parameters            Asymptotic Standard Error
=======================            ==========================
a               = 1.00142          +/- 1.506e+07    (1.504e+09%)
b               = 1.03474          +/- 6.6e+05      (6.379e+07%)

correlation matrix of the fit parameters:
                a      b      
a               1.000 
b              -1.000  1.000 


*******************************************************************************
Fri Mar 15 17:00:42 2024


FIT:    data read from "3.5000000000" u 1:4
        format = x:z
        x range restricted to [17.0000 : 35.0000]
        #datapoints = 19
        residuals are weighted equally (unit weight)

function used for fitting: f(x)
	f(x) = a*exp(-1*sqrt(2)*x/b)
fitted parameters initialized with current variable values

iter      chisq       delta/lim  lambda   a             b            
   0 8.7213347776e-11   0.00e+00  1.48e-10    1.000000e+00   1.000000e+00
 697 1.9418667041e-16  -2.47e-03  1.48e-16    9.588449e+03   1.156129e+00

After 697 iterations the fit converged.
final sum of squares of residuals : 1.94187e-16
rel. change during last iteration : -2.47005e-08

degrees of freedom    (FIT_NDF)                        : 17
rms of residuals      (FIT_STDFIT) = sqrt(WSSR/ndf)    : 3.37976e-09
variance of residuals (reduced chisquare) = WSSR/ndf   : 1.14227e-17

Final set of parameters            Asymptotic Standard Error
=======================            ==========================
a               = 9588.45          +/- 182.1        (1.899%)
b               = 1.15613          +/- 0.00104      (0.08996%)

correlation matrix of the fit parameters:
                a      b      
a               1.000 
b              -1.000  1.000 


*******************************************************************************
Fri Mar 15 17:00:42 2024


FIT:    data read from "4.5000000000" u 1:4
        format = x:z
        x range restricted to [17.0000 : 35.0000]
        #datapoints = 19
        residuals are weighted equally (unit weight)

function used for fitting: f(x)
	f(x) = a*exp(-1*sqrt(2)*x/b)
fitted parameters initialized with current variable values

iter      chisq       delta/lim  lambda   a             b            
   0 4.2992751104e-14   0.00e+00  1.48e-10    1.000000e+00   1.000000e+00
1216 4.2337934817e-20  -4.16e-03  1.48e-20    8.436538e+05   8.275704e-01

After 1216 iterations the fit converged.
final sum of squares of residuals : 4.23379e-20
rel. change during last iteration : -4.15742e-08

degrees of freedom    (FIT_NDF)                        : 17
rms of residuals      (FIT_STDFIT) = sqrt(WSSR/ndf)    : 4.99046e-11
variance of residuals (reduced chisquare) = WSSR/ndf   : 2.49047e-21

Final set of parameters            Asymptotic Standard Error
=======================            ==========================
a               = 843654           +/- 1.819e+04    (2.156%)
b               = 0.82757          +/- 0.0006047    (0.07307%)

correlation matrix of the fit parameters:
                a      b      
a               1.000 
b              -1.000  1.000 


*******************************************************************************
Fri Mar 15 17:00:42 2024


FIT:    data read from "4.0000000000" u 1:4
        format = x:z
        x range restricted to [17.0000 : 35.0000]
        #datapoints = 19
        residuals are weighted equally (unit weight)

function used for fitting: f(x)
	f(x) = a*exp(-1*sqrt(2)*x/b)
fitted parameters initialized with current variable values

iter      chisq       delta/lim  lambda   a             b            
   0 1.5807498953e-12   0.00e+00  1.48e-10    1.000000e+00   1.000000e+00
 952 1.3333960519e-18  -1.15e-02  1.48e-18    9.564840e+04   9.585280e-01

After 952 iterations the fit converged.
final sum of squares of residuals : 1.3334e-18
rel. change during last iteration : -1.15117e-07

degrees of freedom    (FIT_NDF)                        : 17
rms of residuals      (FIT_STDFIT) = sqrt(WSSR/ndf)    : 2.80063e-10
variance of residuals (reduced chisquare) = WSSR/ndf   : 7.84351e-20

Final set of parameters            Asymptotic Standard Error
=======================            ==========================
a               = 95648.4          +/- 1486         (1.554%)
b               = 0.958528         +/- 0.0005849    (0.06102%)

correlation matrix of the fit parameters:
                a      b      
a               1.000 
b              -1.000  1.000 


*******************************************************************************
Fri Mar 15 17:00:42 2024


FIT:    data read from "5.0000000000" u 1:4
        format = x:z
        x range restricted to [17.0000 : 35.0000]
        #datapoints = 19
        residuals are weighted equally (unit weight)

function used for fitting: f(x)
	f(x) = a*exp(-1*sqrt(2)*x/b)
fitted parameters initialized with current variable values

iter      chisq       delta/lim  lambda   a             b            
   0 1.6658128617e-15   0.00e+00  1.48e-10    1.000000e+00   1.000000e+00
1600 1.3679975375e-21  -4.79e-01  1.48e-21    6.098831e+06   7.363940e-01

After 1600 iterations the fit converged.
final sum of squares of residuals : 1.368e-21
rel. change during last iteration : -4.78808e-06

degrees of freedom    (FIT_NDF)                        : 17
rms of residuals      (FIT_STDFIT) = sqrt(WSSR/ndf)    : 8.97053e-12
variance of residuals (reduced chisquare) = WSSR/ndf   : 8.04704e-23

Final set of parameters            Asymptotic Standard Error
=======================            ==========================
a               = 6.09883e+06      +/- 1.496e+05    (2.453%)
b               = 0.736394         +/- 0.0005442    (0.0739%)

correlation matrix of the fit parameters:
                a      b      
a               1.000 
b              -1.000  1.000 


*******************************************************************************
Fri Mar 15 17:00:42 2024


FIT:    data read from "5.5000000000" u 1:4
        format = x:z
        x range restricted to [17.0000 : 35.0000]
        #datapoints = 19
        residuals are weighted equally (unit weight)

function used for fitting: f(x)
	f(x) = a*exp(-1*sqrt(2)*x/b)
fitted parameters initialized with current variable values

iter      chisq       delta/lim  lambda   a             b            
   0 8.6465047046e-17   0.00e+00  1.48e-10    1.000000e+00   1.000000e+00
1844 4.7101860157e-23  -1.05e-01  1.48e-21    3.618122e+07   6.696675e-01

After 1844 iterations the fit converged.
final sum of squares of residuals : 4.71019e-23
rel. change during last iteration : -1.04648e-06

degrees of freedom    (FIT_NDF)                        : 17
rms of residuals      (FIT_STDFIT) = sqrt(WSSR/ndf)    : 1.66454e-12
variance of residuals (reduced chisquare) = WSSR/ndf   : 2.7707e-24

Final set of parameters            Asymptotic Standard Error
=======================            ==========================
a               = 3.61812e+07      +/- 8.769e+05    (2.424%)
b               = 0.669667         +/- 0.0004441    (0.06631%)

correlation matrix of the fit parameters:
                a      b      
a               1.000 
b              -1.000  1.000 


*******************************************************************************
Fri Mar 15 17:00:42 2024


FIT:    data read from "6.0000000000" u 1:4
        format = x:z
        x range restricted to [17.0000 : 35.0000]
        #datapoints = 19
        residuals are weighted equally (unit weight)

function used for fitting: f(x)
	f(x) = a*exp(-1*sqrt(2)*x/b)
fitted parameters initialized with current variable values

iter      chisq       delta/lim  lambda   a             b            
   0 5.6671719818e-18   0.00e+00  1.48e-10    1.000000e+00   1.000000e+00
2175 1.9049847319e-24  -2.01e-03  1.48e-21    1.816275e+08   6.186222e-01

After 2175 iterations the fit converged.
final sum of squares of residuals : 1.90498e-24
rel. change during last iteration : -2.00775e-08

degrees of freedom    (FIT_NDF)                        : 17
rms of residuals      (FIT_STDFIT) = sqrt(WSSR/ndf)    : 3.34751e-13
variance of residuals (reduced chisquare) = WSSR/ndf   : 1.12058e-25

Final set of parameters            Asymptotic Standard Error
=======================            ==========================
a               = 1.81628e+08      +/- 4.08e+06     (2.246%)
b               = 0.618622         +/- 0.0003508    (0.05671%)

correlation matrix of the fit parameters:
                a      b      
a               1.000 
b              -1.000  1.000 
