

*******************************************************************************
Mon Jan 15 07:27:23 2024


FIT:    data read from "cfenergy" u 1:2
        format = x:z
        x range restricted to [0.00000 : 0.00300000]
        #datapoints = 9
        residuals are weighted equally (unit weight)

function used for fitting: f(x)
	f(x) = a + b * x**2
fitted parameters initialized with current variable values

iter      chisq       delta/lim  lambda   a             b            
   0 9.0002825788e+00   0.00e+00  7.07e-01    1.000000e+00   1.000000e+00
   9 2.0945956375e-18  -9.78e-02  7.07e-10   -1.723558e-05   1.570227e+00

After 9 iterations the fit converged.
final sum of squares of residuals : 2.0946e-18
rel. change during last iteration : -9.78056e-07

degrees of freedom    (FIT_NDF)                        : 7
rms of residuals      (FIT_STDFIT) = sqrt(WSSR/ndf)    : 5.47017e-10
variance of residuals (reduced chisquare) = WSSR/ndf   : 2.99228e-19

Final set of parameters            Asymptotic Standard Error
=======================            ==========================
a               = -1.72356e-05     +/- 2.652e-10    (0.001538%)
b               = 1.57023          +/- 7.143e-05    (0.004549%)

correlation matrix of the fit parameters:
                a      b      
a               1.000 
b              -0.726  1.000 
