

*******************************************************************************
Tue Jan 30 19:32:17 2024


FIT:    data read from "0.0010000000" u 1:4
        format = x:z
        x range restricted to [0.00000 : 10.0000]
        #datapoints = 11
        residuals are weighted equally (unit weight)

function used for fitting: f(x)
	f(x) = a*exp(-1*sqrt(2)*x/b)
fitted parameters initialized with current variable values

iter      chisq       delta/lim  lambda   a             b            
   0 9.4893169685e-01   0.00e+00  2.35e-01    1.000000e+00   1.000000e+00
   6 4.1765815113e-08  -2.32e-01  2.35e-07    4.923172e-02   3.869433e+00

After 6 iterations the fit converged.
final sum of squares of residuals : 4.17658e-08
rel. change during last iteration : -2.31522e-06

degrees of freedom    (FIT_NDF)                        : 9
rms of residuals      (FIT_STDFIT) = sqrt(WSSR/ndf)    : 6.81223e-05
variance of residuals (reduced chisquare) = WSSR/ndf   : 4.64065e-09

Final set of parameters            Asymptotic Standard Error
=======================            ==========================
a               = 0.0492317        +/- 5.985e-05    (0.1216%)
b               = 3.86943          +/- 0.007974     (0.2061%)

correlation matrix of the fit parameters:
                a      b      
a               1.000 
b              -0.573  1.000 


*******************************************************************************
Tue Jan 30 19:32:17 2024


FIT:    data read from "0.0100000000" u 1:4
        format = x:z
        x range restricted to [0.00000 : 10.0000]
        #datapoints = 11
        residuals are weighted equally (unit weight)

function used for fitting: f(x)
	f(x) = a*exp(-1*sqrt(2)*x/b)
fitted parameters initialized with current variable values

iter      chisq       delta/lim  lambda   a             b            
   0 9.4682257656e-01   0.00e+00  2.35e-01    1.000000e+00   1.000000e+00
   6 5.8926290186e-08  -2.09e-01  2.35e-07    5.015454e-02   3.896560e+00

After 6 iterations the fit converged.
final sum of squares of residuals : 5.89263e-08
rel. change during last iteration : -2.09436e-06

degrees of freedom    (FIT_NDF)                        : 9
rms of residuals      (FIT_STDFIT) = sqrt(WSSR/ndf)    : 8.09158e-05
variance of residuals (reduced chisquare) = WSSR/ndf   : 6.54737e-09

Final set of parameters            Asymptotic Standard Error
=======================            ==========================
a               = 0.0501545        +/- 7.099e-05    (0.1415%)
b               = 3.89656          +/- 0.009342     (0.2397%)

correlation matrix of the fit parameters:
                a      b      
a               1.000 
b              -0.574  1.000 


*******************************************************************************
Tue Jan 30 19:32:20 2024


FIT:    data read from "0.0200000000" u 1:4
        format = x:z
        x range restricted to [0.00000 : 10.0000]
        #datapoints = 11
        residuals are weighted equally (unit weight)

function used for fitting: f(x)
	f(x) = a*exp(-1*sqrt(2)*x/b)
fitted parameters initialized with current variable values

iter      chisq       delta/lim  lambda   a             b            
   0 9.4082148847e-01   0.00e+00  2.35e-01    1.000000e+00   1.000000e+00
   6 2.6263510789e-08  -1.05e-01  2.35e-07    5.282755e-02   4.001019e+00

After 6 iterations the fit converged.
final sum of squares of residuals : 2.62635e-08
rel. change during last iteration : -1.0528e-06

degrees of freedom    (FIT_NDF)                        : 9
rms of residuals      (FIT_STDFIT) = sqrt(WSSR/ndf)    : 5.40201e-05
variance of residuals (reduced chisquare) = WSSR/ndf   : 2.91817e-09

Final set of parameters            Asymptotic Standard Error
=======================            ==========================
a               = 0.0528276        +/- 4.713e-05    (0.08922%)
b               = 4.00102          +/- 0.00603      (0.1507%)

correlation matrix of the fit parameters:
                a      b      
a               1.000 
b              -0.578  1.000 
